<?xml version="1.0" encoding="UTF-8"?>
<testsuite name="ClockAddTest" tests="1" skipped="1" failures="0" errors="0" timestamp="2020-02-27T17:56:51" hostname="WNB024496CPS" time="48.918">
  <properties/>
  <testcase name="subtractToPreviousHour" classname="ClockAddTest" time="48.918">
    <skipped/>
  </testcase>
  <system-out><![CDATA[]]></system-out>
  <system-err><![CDATA[]]></system-err>
</testsuite>
