<?xml version="1.0" encoding="UTF-8"?>
<testsuite name="ProteinTranslatorTest" tests="1" skipped="0" failures="0" errors="0" timestamp="2020-02-24T14:09:51" hostname="WNB024496CPS" time="0.002">
  <properties/>
  <testcase name="testTranslationStopsIfStopCodonInMiddle2" classname="ProteinTranslatorTest" time="0.002"/>
  <system-out><![CDATA[]]></system-out>
  <system-err><![CDATA[]]></system-err>
</testsuite>
