<?xml version="1.0" encoding="UTF-8"?>
<testsuite name="HammingTest" tests="1" skipped="0" failures="0" errors="0" timestamp="2020-02-27T17:03:14" hostname="WNB024496CPS" time="0.005">
  <properties/>
  <testcase name="testCompleteDistanceInSingleLetterDifferentStrands" classname="HammingTest" time="0.005"/>
  <system-out><![CDATA[]]></system-out>
  <system-err><![CDATA[]]></system-err>
</testsuite>
