<?xml version="1.0" encoding="UTF-8"?>
<testsuite name="PrimeCalculatorTest" tests="1" skipped="1" failures="0" errors="0" timestamp="2020-02-26T17:17:07" hostname="WNB024496CPS" time="81.191">
  <properties/>
  <testcase name="testFirstPrime" classname="PrimeCalculatorTest" time="81.191">
    <skipped/>
  </testcase>
  <system-out><![CDATA[]]></system-out>
  <system-err><![CDATA[]]></system-err>
</testsuite>
