<?xml version="1.0" encoding="UTF-8"?>
<testsuite name="TwelveDaysTest" tests="1" skipped="0" failures="0" errors="0" timestamp="2020-02-26T12:15:04" hostname="WNB024496CPS" time="0.001">
  <properties/>
  <testcase name="testSingWholeSong" classname="TwelveDaysTest" time="0.001"/>
  <system-out><![CDATA[]]></system-out>
  <system-err><![CDATA[]]></system-err>
</testsuite>
