<?xml version="1.0" encoding="UTF-8"?>
<testsuite name="SumOfMultiplesTest" tests="1" skipped="0" failures="0" errors="0" timestamp="2020-02-26T12:57:24" hostname="WNB024496CPS" time="0.003">
  <properties/>
  <testcase name="testOneFactorHasMultiplesWithinLimit" classname="SumOfMultiplesTest" time="0.003"/>
  <system-out><![CDATA[]]></system-out>
  <system-err><![CDATA[]]></system-err>
</testsuite>
