<?xml version="1.0" encoding="UTF-8"?>
<testsuite name="RaindropConverterTest" tests="1" skipped="0" failures="0" errors="0" timestamp="2020-02-23T16:41:46" hostname="WNB024496CPS" time="0.001">
  <properties/>
  <testcase name="soundFor35IsPlangPlongAsItHasFactors5And7" classname="RaindropConverterTest" time="0.001"/>
  <system-out><![CDATA[]]></system-out>
  <system-err><![CDATA[]]></system-err>
</testsuite>
