<?xml version="1.0" encoding="UTF-8"?>
<testsuite name="MatrixTest" tests="1" skipped="0" failures="0" errors="0" timestamp="2020-02-26T14:13:23" hostname="WNB024496CPS" time="0.004">
  <properties/>
  <testcase name="extractRowFromDiffWidthsMatrixTest" classname="MatrixTest" time="0.004"/>
  <system-out><![CDATA[]]></system-out>
  <system-err><![CDATA[]]></system-err>
</testsuite>
