<?xml version="1.0" encoding="UTF-8"?>
<testsuite name="AcronymTest" tests="1" skipped="1" failures="0" errors="0" timestamp="2020-02-21T16:58:13" hostname="WNB024496CPS" time="12.682">
  <properties/>
  <testcase name="punctuationWithoutWhitespace" classname="AcronymTest" time="12.682">
    <skipped/>
  </testcase>
  <system-out><![CDATA[]]></system-out>
  <system-err><![CDATA[]]></system-err>
</testsuite>
